<?xml version="1.0" encoding="UTF-8"?>
<testng-results ignored="1" total="2" passed="1" failed="0" skipped="0">
  <reporter-output>
  </reporter-output>
  <suite started-at="2019-03-23T04:55:42Z" name="Suite" finished-at="2019-03-23T04:55:42Z" duration-ms="47">
    <groups>
      <group name="Smoke">
        <method signature="TestNgClass.f()[pri:2, instance:com.mphasis.testngproject.TestNgClass@63475ace]" name="f" class="com.mphasis.testngproject.TestNgClass"/>
      </group> <!-- Smoke -->
    </groups>
    <test started-at="2019-03-23T04:55:42Z" name="Test" finished-at="2019-03-23T04:55:42Z" duration-ms="47">
      <class name="com.mphasis.testngproject.TestNgClass">
        <test-method is-config="true" signature="beforeSuite()[pri:0, instance:com.mphasis.testngproject.TestNgClass@63475ace]" started-at="2019-03-23T04:55:42Z" name="beforeSuite" finished-at="2019-03-23T04:55:42Z" duration-ms="7" status="PASS">
          <reporter-output>
          </reporter-output>
        </test-method> <!-- beforeSuite -->
        <test-method is-config="true" signature="beforeTest()[pri:0, instance:com.mphasis.testngproject.TestNgClass@63475ace]" started-at="2019-03-23T04:55:42Z" name="beforeTest" finished-at="2019-03-23T04:55:42Z" duration-ms="1" status="PASS">
          <reporter-output>
          </reporter-output>
        </test-method> <!-- beforeTest -->
        <test-method is-config="true" signature="beforeClass()[pri:0, instance:com.mphasis.testngproject.TestNgClass@63475ace]" started-at="2019-03-23T04:55:42Z" name="beforeClass" finished-at="2019-03-23T04:55:42Z" duration-ms="0" status="PASS">
          <reporter-output>
          </reporter-output>
        </test-method> <!-- beforeClass -->
        <test-method signature="f()[pri:2, instance:com.mphasis.testngproject.TestNgClass@63475ace]" started-at="2019-03-23T04:55:42Z" name="f" description="Verify the Login Functionality" finished-at="2019-03-23T04:55:42Z" duration-ms="17" status="PASS">
          <reporter-output>
          </reporter-output>
        </test-method> <!-- f -->
        <test-method is-config="true" signature="beforeMethod()[pri:0, instance:com.mphasis.testngproject.TestNgClass@63475ace]" started-at="2019-03-23T04:55:42Z" name="beforeMethod" finished-at="2019-03-23T04:55:42Z" duration-ms="0" status="PASS">
          <reporter-output>
          </reporter-output>
        </test-method> <!-- beforeMethod -->
        <test-method is-config="true" signature="afterMethod()[pri:0, instance:com.mphasis.testngproject.TestNgClass@63475ace]" started-at="2019-03-23T04:55:42Z" name="afterMethod" finished-at="2019-03-23T04:55:42Z" duration-ms="2" status="PASS">
          <reporter-output>
          </reporter-output>
        </test-method> <!-- afterMethod -->
        <test-method is-config="true" signature="afterTest()[pri:0, instance:com.mphasis.testngproject.TestNgClass@63475ace]" started-at="2019-03-23T04:55:42Z" name="afterTest" finished-at="2019-03-23T04:55:42Z" duration-ms="0" status="PASS">
          <reporter-output>
          </reporter-output>
        </test-method> <!-- afterTest -->
        <test-method is-config="true" signature="afterClass()[pri:0, instance:com.mphasis.testngproject.TestNgClass@63475ace]" started-at="2019-03-23T04:55:42Z" name="afterClass" finished-at="2019-03-23T04:55:42Z" duration-ms="0" status="PASS">
          <reporter-output>
          </reporter-output>
        </test-method> <!-- afterClass -->
        <test-method is-config="true" signature="afterSuite()[pri:0, instance:com.mphasis.testngproject.TestNgClass@63475ace]" started-at="2019-03-23T04:55:42Z" name="afterSuite" finished-at="2019-03-23T04:55:42Z" duration-ms="0" status="PASS">
          <reporter-output>
          </reporter-output>
        </test-method> <!-- afterSuite -->
      </class> <!-- com.mphasis.testngproject.TestNgClass -->
    </test> <!-- Test -->
  </suite> <!-- Suite -->
</testng-results>
